0 info it worked if it ends with ok
1 verbose cli [ 'C:\\Program Files (x86)\\nodejs\\node.exe',
1 verbose cli   'C:\\Program Files (x86)\\nodejs\\node_modules\\npm\\bin\\npm-cli.js',
1 verbose cli   'install',
1 verbose cli   'movie-this',
1 verbose cli   'rocky' ]
2 info using npm@3.10.10
3 info using node@v6.11.0
4 silly loadCurrentTree Starting
5 silly install loadCurrentTree
6 silly install readLocalPackageData
7 silly fetchPackageMetaData movie-this
8 silly fetchPackageMetaData rocky
9 silly fetchNamedPackageData movie-this
10 silly mapToRegistry name movie-this
11 silly mapToRegistry using default registry
12 silly mapToRegistry registry https://registry.npmjs.org/
13 silly mapToRegistry data Result {
13 silly mapToRegistry   raw: 'movie-this',
13 silly mapToRegistry   scope: null,
13 silly mapToRegistry   escapedName: 'movie-this',
13 silly mapToRegistry   name: 'movie-this',
13 silly mapToRegistry   rawSpec: '',
13 silly mapToRegistry   spec: 'latest',
13 silly mapToRegistry   type: 'tag' }
14 silly mapToRegistry uri https://registry.npmjs.org/movie-this
15 silly fetchNamedPackageData rocky
16 silly mapToRegistry name rocky
17 silly mapToRegistry using default registry
18 silly mapToRegistry registry https://registry.npmjs.org/
19 silly mapToRegistry data Result {
19 silly mapToRegistry   raw: 'rocky',
19 silly mapToRegistry   scope: null,
19 silly mapToRegistry   escapedName: 'rocky',
19 silly mapToRegistry   name: 'rocky',
19 silly mapToRegistry   rawSpec: '',
19 silly mapToRegistry   spec: 'latest',
19 silly mapToRegistry   type: 'tag' }
20 silly mapToRegistry uri https://registry.npmjs.org/rocky
21 verbose request uri https://registry.npmjs.org/movie-this
22 verbose request no auth needed
23 info attempt registry request try #1 at 4:44:34 PM
24 verbose request id 444f7be77798892c
25 http request GET https://registry.npmjs.org/movie-this
26 verbose request uri https://registry.npmjs.org/rocky
27 verbose request no auth needed
28 info attempt registry request try #1 at 4:44:34 PM
29 http request GET https://registry.npmjs.org/rocky
30 http 200 https://registry.npmjs.org/rocky
31 verbose headers { server: 'nginx/1.10.1',
31 verbose headers   'content-type': 'application/json',
31 verbose headers   'last-modified': 'Thu, 21 Sep 2017 19:38:52 GMT',
31 verbose headers   etag: 'W/"59c4154c-1fbdf"',
31 verbose headers   'content-encoding': 'gzip',
31 verbose headers   'cache-control': 'max-age=300',
31 verbose headers   'content-length': '18843',
31 verbose headers   'accept-ranges': 'bytes',
31 verbose headers   date: 'Sun, 24 Sep 2017 23:44:37 GMT',
31 verbose headers   via: '1.1 varnish',
31 verbose headers   age: '0',
31 verbose headers   connection: 'keep-alive',
31 verbose headers   'x-served-by': 'cache-bur17549-BUR',
31 verbose headers   'x-cache': 'MISS',
31 verbose headers   'x-cache-hits': '0',
31 verbose headers   'x-timer': 'S1506296677.619613,VS0,VE393',
31 verbose headers   vary: 'Accept-Encoding, Accept' }
32 silly get cb [ 200,
32 silly get   { server: 'nginx/1.10.1',
32 silly get     'content-type': 'application/json',
32 silly get     'last-modified': 'Thu, 21 Sep 2017 19:38:52 GMT',
32 silly get     etag: 'W/"59c4154c-1fbdf"',
32 silly get     'content-encoding': 'gzip',
32 silly get     'cache-control': 'max-age=300',
32 silly get     'content-length': '18843',
32 silly get     'accept-ranges': 'bytes',
32 silly get     date: 'Sun, 24 Sep 2017 23:44:37 GMT',
32 silly get     via: '1.1 varnish',
32 silly get     age: '0',
32 silly get     connection: 'keep-alive',
32 silly get     'x-served-by': 'cache-bur17549-BUR',
32 silly get     'x-cache': 'MISS',
32 silly get     'x-cache-hits': '0',
32 silly get     'x-timer': 'S1506296677.619613,VS0,VE393',
32 silly get     vary: 'Accept-Encoding, Accept' } ]
33 verbose get saving rocky to C:\Users\Kui\AppData\Roaming\npm-cache\registry.npmjs.org\rocky\.cache.json
34 verbose correctMkdir C:\Users\Kui\AppData\Roaming\npm-cache correctMkdir not in flight; initializing
35 http 404 https://registry.npmjs.org/movie-this
36 verbose headers { 'content-type': 'application/json',
36 verbose headers   'cache-control': 'max-age=0',
36 verbose headers   'content-length': '2',
36 verbose headers   'accept-ranges': 'bytes',
36 verbose headers   date: 'Sun, 24 Sep 2017 23:44:37 GMT',
36 verbose headers   via: '1.1 varnish',
36 verbose headers   age: '0',
36 verbose headers   connection: 'keep-alive',
36 verbose headers   'x-served-by': 'cache-bur17548-BUR',
36 verbose headers   'x-cache': 'MISS',
36 verbose headers   'x-cache-hits': '0',
36 verbose headers   'x-timer': 'S1506296677.624166,VS0,VE602',
36 verbose headers   vary: 'Accept-Encoding' }
37 silly get cb [ 404,
37 silly get   { 'content-type': 'application/json',
37 silly get     'cache-control': 'max-age=0',
37 silly get     'content-length': '2',
37 silly get     'accept-ranges': 'bytes',
37 silly get     date: 'Sun, 24 Sep 2017 23:44:37 GMT',
37 silly get     via: '1.1 varnish',
37 silly get     age: '0',
37 silly get     connection: 'keep-alive',
37 silly get     'x-served-by': 'cache-bur17548-BUR',
37 silly get     'x-cache': 'MISS',
37 silly get     'x-cache-hits': '0',
37 silly get     'x-timer': 'S1506296677.624166,VS0,VE602',
37 silly get     vary: 'Accept-Encoding' } ]
38 silly fetchPackageMetaData Error: Registry returned 404 for GET on https://registry.npmjs.org/movie-this
38 silly fetchPackageMetaData     at makeError (C:\Program Files (x86)\nodejs\node_modules\npm\node_modules\npm-registry-client\lib\request.js:302:12)
38 silly fetchPackageMetaData     at CachingRegistryClient.<anonymous> (C:\Program Files (x86)\nodejs\node_modules\npm\node_modules\npm-registry-client\lib\request.js:280:14)
38 silly fetchPackageMetaData     at Request._callback (C:\Program Files (x86)\nodejs\node_modules\npm\node_modules\npm-registry-client\lib\request.js:210:14)
38 silly fetchPackageMetaData     at Request.self.callback (C:\Program Files (x86)\nodejs\node_modules\npm\node_modules\request\request.js:187:22)
38 silly fetchPackageMetaData     at emitTwo (events.js:106:13)
38 silly fetchPackageMetaData     at Request.emit (events.js:191:7)
38 silly fetchPackageMetaData     at Request.<anonymous> (C:\Program Files (x86)\nodejs\node_modules\npm\node_modules\request\request.js:1048:10)
38 silly fetchPackageMetaData     at emitOne (events.js:96:13)
38 silly fetchPackageMetaData     at Request.emit (events.js:188:7)
38 silly fetchPackageMetaData     at IncomingMessage.<anonymous> (C:\Program Files (x86)\nodejs\node_modules\npm\node_modules\request\request.js:969:12)
38 silly fetchPackageMetaData  error for movie-this { Error: Registry returned 404 for GET on https://registry.npmjs.org/movie-this
38 silly fetchPackageMetaData     at makeError (C:\Program Files (x86)\nodejs\node_modules\npm\node_modules\npm-registry-client\lib\request.js:302:12)
38 silly fetchPackageMetaData     at CachingRegistryClient.<anonymous> (C:\Program Files (x86)\nodejs\node_modules\npm\node_modules\npm-registry-client\lib\request.js:280:14)
38 silly fetchPackageMetaData     at Request._callback (C:\Program Files (x86)\nodejs\node_modules\npm\node_modules\npm-registry-client\lib\request.js:210:14)
38 silly fetchPackageMetaData     at Request.self.callback (C:\Program Files (x86)\nodejs\node_modules\npm\node_modules\request\request.js:187:22)
38 silly fetchPackageMetaData     at emitTwo (events.js:106:13)
38 silly fetchPackageMetaData     at Request.emit (events.js:191:7)
38 silly fetchPackageMetaData     at Request.<anonymous> (C:\Program Files (x86)\nodejs\node_modules\npm\node_modules\request\request.js:1048:10)
38 silly fetchPackageMetaData     at emitOne (events.js:96:13)
38 silly fetchPackageMetaData     at Request.emit (events.js:188:7)
38 silly fetchPackageMetaData     at IncomingMessage.<anonymous> (C:\Program Files (x86)\nodejs\node_modules\npm\node_modules\request\request.js:969:12) pkgid: 'movie-this', statusCode: 404, code: 'E404' }
39 silly rollbackFailedOptional Starting
40 silly rollbackFailedOptional Finishing
41 silly runTopLevelLifecycles Finishing
42 silly install printInstalled
43 verbose stack Error: Registry returned 404 for GET on https://registry.npmjs.org/movie-this
43 verbose stack     at makeError (C:\Program Files (x86)\nodejs\node_modules\npm\node_modules\npm-registry-client\lib\request.js:302:12)
43 verbose stack     at CachingRegistryClient.<anonymous> (C:\Program Files (x86)\nodejs\node_modules\npm\node_modules\npm-registry-client\lib\request.js:280:14)
43 verbose stack     at Request._callback (C:\Program Files (x86)\nodejs\node_modules\npm\node_modules\npm-registry-client\lib\request.js:210:14)
43 verbose stack     at Request.self.callback (C:\Program Files (x86)\nodejs\node_modules\npm\node_modules\request\request.js:187:22)
43 verbose stack     at emitTwo (events.js:106:13)
43 verbose stack     at Request.emit (events.js:191:7)
43 verbose stack     at Request.<anonymous> (C:\Program Files (x86)\nodejs\node_modules\npm\node_modules\request\request.js:1048:10)
43 verbose stack     at emitOne (events.js:96:13)
43 verbose stack     at Request.emit (events.js:188:7)
43 verbose stack     at IncomingMessage.<anonymous> (C:\Program Files (x86)\nodejs\node_modules\npm\node_modules\request\request.js:969:12)
44 verbose statusCode 404
45 verbose pkgid movie-this
46 verbose cwd C:\Users\Kui\My Documents\0_Bootcamp\homework\liri-node-app\liri-node-app
47 error Windows_NT 10.0.15063
48 error argv "C:\\Program Files (x86)\\nodejs\\node.exe" "C:\\Program Files (x86)\\nodejs\\node_modules\\npm\\bin\\npm-cli.js" "install" "movie-this" "rocky"
49 error node v6.11.0
50 error npm  v3.10.10
51 error code E404
52 error 404 Registry returned 404 for GET on https://registry.npmjs.org/movie-this
53 error 404
54 error 404 'movie-this' is not in the npm registry.
55 error 404 You should bug the author to publish it (or use the name yourself!)
56 error 404 Note that you can also install from a
57 error 404 tarball, folder, http url, or git url.
58 verbose exit [ 1, true ]
